<?xml version="1.0" encoding="UTF-8"?>
<!-- Generated by org.testng.reporters.JUnitReportReporter -->
<testsuite hostname="Diinesh" name="com.pomproject.TestCase2" tests="2" failures="0" timestamp="3 Jun 2017 17:05:03 GMT" time="84.924" errors="0">
  <testcase name="flightTest" time="14.172" classname="com.pomproject.TestCase2"/>
  <testcase name="flightTest" time="70.752" classname="com.pomproject.TestCase2"/>
</testsuite> <!-- com.pomproject.TestCase2 -->
