<?xml version="1.0" encoding="UTF-8"?>
<!-- Generated by org.testng.reporters.JUnitReportReporter -->
<testsuite hostname="Diinesh" name="com.pomproject.Flights" tests="1" failures="0" timestamp="3 Jun 2017 14:57:49 GMT" time="49.512" errors="1">
  <testcase name="findAFlaight" time="49.512" classname="com.pomproject.Flights">
    <error type="org.openqa.selenium.WebDriverException" message="Failed to connect to binary FirefoxBinary(C:\Program Files (x86)\Mozilla Firefox\firefox.exe) on port 7055; process output follows: 
omepageURL&quot;:null,&quot;contributors&quot;:[&quot;Mozilla Contributors&quot;]},&quot;visible&quot;:true,&quot;active&quot;:true,&quot;userDisabled&quot;:false,&quot;appDisabled&quot;:false,&quot;descriptor&quot;:&quot;C:\\Program Files (x86)\\Mozilla Firefox\\browser\\extensions\\{972ce4c6-7e08-4474-a285-3208198ce6fd}.xpi&quot;,&quot;installDate&quot;:1457052991000,&quot;updateDate&quot;:1457052991000,&quot;applyBackgroundUpdates&quot;:1,&quot;skinnable&quot;:true,&quot;size&quot;:22006,&quot;sourceURI&quot;:null,&quot;releaseNotesURI&quot;:null,&quot;softDisabled&quot;:false,&quot;foreignInstall&quot;:false,&quot;hasBinaryComponents&quot;:false,&quot;strictCompatibility&quot;:true,&quot;locales&quot;:[],&quot;targetApplications&quot;:[{&quot;id&quot;:&quot;{ec8030f7-c20a-464f-9b0e-13a3a9e97384}&quot;,&quot;minVersion&quot;:&quot;45.0&quot;,&quot;maxVersion&quot;:&quot;45.0&quot;}],&quot;targetPlatforms&quot;:[],&quot;seen&quot;:true}
1496501824312	addons.xpi	DEBUG	getModTime: Recursive scan of {972ce4c6-7e08-4474-a285-3208198ce6fd}
1496501824314	DeferredSave.extensions.json	DEBUG	Save changes
1496501824314	addons.xpi	DEBUG	Updating database with changes to installed add-ons
1496501824314	addons.xpi-utils	DEBUG	Updating add-on states
1496501824317	addons.xpi-utils	DEBUG	Writing add-ons list
1496501824327	addons.xpi	DEBUG	Registering manifest for C:\Program Files (x86)\Mozilla Firefox\browser\features\loop@mozilla.org.xpi
1496501824330	addons.xpi	DEBUG	Calling bootstrap method startup on loop@mozilla.org version 0.1
1496501824354	addons.manager	DEBUG	Starting provider: &lt;unnamed-provider&gt;
1496501824354	addons.manager	DEBUG	Registering shutdown blocker for &lt;unnamed-provider&gt;
1496501824354	addons.manager	DEBUG	Provider finished startup: &lt;unnamed-provider&gt;
1496501824372	addons.manager	DEBUG	Registering shutdown blocker for XPIProvider
1496501824372	addons.manager	DEBUG	Provider finished startup: XPIProvider
1496501824372	addons.manager	DEBUG	Starting provider: LightweightThemeManager
1496501824373	addons.manager	DEBUG	Registering shutdown blocker for LightweightThemeManager
1496501824373	addons.manager	DEBUG	Provider finished startup: LightweightThemeManager
1496501824373	addons.manager	DEBUG	Starting provider: GMPProvider
1496501824379	addons.manager	DEBUG	Registering shutdown blocker for GMPProvider
1496501824380	addons.manager	DEBUG	Provider finished startup: GMPProvider
1496501824380	addons.manager	DEBUG	Starting provider: PluginProvider
1496501824380	addons.manager	DEBUG	Registering shutdown blocker for PluginProvider
1496501824380	addons.manager	DEBUG	Provider finished startup: PluginProvider
1496501824380	addons.manager	DEBUG	Completed startup sequence
1496501826019	DeferredSave.extensions.json	DEBUG	Starting write
1496501826519	addons.repository	DEBUG	No addons.json found.
1496501826520	DeferredSave.addons.json	DEBUG	Save changes
1496501826531	DeferredSave.addons.json	DEBUG	Starting timer
1496501826558	addons.manager	DEBUG	Starting provider: PreviousExperimentProvider
1496501826558	addons.manager	DEBUG	Registering shutdown blocker for PreviousExperimentProvider
1496501826558	addons.manager	DEBUG	Provider finished startup: PreviousExperimentProvider
1496501826560	DeferredSave.extensions.json	DEBUG	Write succeeded
1496501826561	addons.xpi-utils	DEBUG	XPI Database saved, setting schema version preference to 17
1496501826588	DeferredSave.addons.json	DEBUG	Starting write
1496501826600	DeferredSave.addons.json	DEBUG	Write succeeded
1496501847996	addons.xpi	DEBUG	Calling bootstrap method shutdown on loop@mozilla.org version 0.1
1496501848361	addons.manager	DEBUG	shutdown
1496501848362	addons.manager	DEBUG	Calling shutdown blocker for &lt;unnamed-provider&gt;
1496501848362	addons.manager	DEBUG	Calling shutdown blocker for XPIProvider
1496501848363	addons.xpi	DEBUG	shutdown
1496501848363	addons.xpi-utils	DEBUG	shutdown
1496501848365	addons.manager	DEBUG	Calling shutdown blocker for LightweightThemeManager
1496501848366	addons.manager	DEBUG	Calling shutdown blocker for GMPProvider
1496501848368	addons.manager	DEBUG	Calling shutdown blocker for PluginProvider
1496501848370	addons.manager	DEBUG	Calling shutdown blocker for PreviousExperimentProvider
1496501848374	addons.xpi	DEBUG	Notifying XPI shutdown observers
1496501848379	addons.manager	DEBUG	Async provider shutdown done

Build info: version: &#039;2.49.0&#039;, revision: &#039;365eeb4&#039;, time: &#039;2016-01-13 18:37:00&#039;
System info: host: &#039;Diinesh&#039;, ip: &#039;192.168.100.10&#039;, os.name: &#039;Windows NT (unknown)&#039;, os.arch: &#039;amd64&#039;, os.version: &#039;6.2&#039;, java.version: &#039;1.7.0&#039;
Driver info: driver.version: FirefoxDriver">
      <![CDATA[org.openqa.selenium.WebDriverException: Failed to connect to binary FirefoxBinary(C:\Program Files (x86)\Mozilla Firefox\firefox.exe) on port 7055; process output follows: 
omepageURL":null,"contributors":["Mozilla Contributors"]},"visible":true,"active":true,"userDisabled":false,"appDisabled":false,"descriptor":"C:\\Program Files (x86)\\Mozilla Firefox\\browser\\extensions\\{972ce4c6-7e08-4474-a285-3208198ce6fd}.xpi","installDate":1457052991000,"updateDate":1457052991000,"applyBackgroundUpdates":1,"skinnable":true,"size":22006,"sourceURI":null,"releaseNotesURI":null,"softDisabled":false,"foreignInstall":false,"hasBinaryComponents":false,"strictCompatibility":true,"locales":[],"targetApplications":[{"id":"{ec8030f7-c20a-464f-9b0e-13a3a9e97384}","minVersion":"45.0","maxVersion":"45.0"}],"targetPlatforms":[],"seen":true}
1496501824312	addons.xpi	DEBUG	getModTime: Recursive scan of {972ce4c6-7e08-4474-a285-3208198ce6fd}
1496501824314	DeferredSave.extensions.json	DEBUG	Save changes
1496501824314	addons.xpi	DEBUG	Updating database with changes to installed add-ons
1496501824314	addons.xpi-utils	DEBUG	Updating add-on states
1496501824317	addons.xpi-utils	DEBUG	Writing add-ons list
1496501824327	addons.xpi	DEBUG	Registering manifest for C:\Program Files (x86)\Mozilla Firefox\browser\features\loop@mozilla.org.xpi
1496501824330	addons.xpi	DEBUG	Calling bootstrap method startup on loop@mozilla.org version 0.1
1496501824354	addons.manager	DEBUG	Starting provider: <unnamed-provider>
1496501824354	addons.manager	DEBUG	Registering shutdown blocker for <unnamed-provider>
1496501824354	addons.manager	DEBUG	Provider finished startup: <unnamed-provider>
1496501824372	addons.manager	DEBUG	Registering shutdown blocker for XPIProvider
1496501824372	addons.manager	DEBUG	Provider finished startup: XPIProvider
1496501824372	addons.manager	DEBUG	Starting provider: LightweightThemeManager
1496501824373	addons.manager	DEBUG	Registering shutdown blocker for LightweightThemeManager
1496501824373	addons.manager	DEBUG	Provider finished startup: LightweightThemeManager
1496501824373	addons.manager	DEBUG	Starting provider: GMPProvider
1496501824379	addons.manager	DEBUG	Registering shutdown blocker for GMPProvider
1496501824380	addons.manager	DEBUG	Provider finished startup: GMPProvider
1496501824380	addons.manager	DEBUG	Starting provider: PluginProvider
1496501824380	addons.manager	DEBUG	Registering shutdown blocker for PluginProvider
1496501824380	addons.manager	DEBUG	Provider finished startup: PluginProvider
1496501824380	addons.manager	DEBUG	Completed startup sequence
1496501826019	DeferredSave.extensions.json	DEBUG	Starting write
1496501826519	addons.repository	DEBUG	No addons.json found.
1496501826520	DeferredSave.addons.json	DEBUG	Save changes
1496501826531	DeferredSave.addons.json	DEBUG	Starting timer
1496501826558	addons.manager	DEBUG	Starting provider: PreviousExperimentProvider
1496501826558	addons.manager	DEBUG	Registering shutdown blocker for PreviousExperimentProvider
1496501826558	addons.manager	DEBUG	Provider finished startup: PreviousExperimentProvider
1496501826560	DeferredSave.extensions.json	DEBUG	Write succeeded
1496501826561	addons.xpi-utils	DEBUG	XPI Database saved, setting schema version preference to 17
1496501826588	DeferredSave.addons.json	DEBUG	Starting write
1496501826600	DeferredSave.addons.json	DEBUG	Write succeeded
1496501847996	addons.xpi	DEBUG	Calling bootstrap method shutdown on loop@mozilla.org version 0.1
1496501848361	addons.manager	DEBUG	shutdown
1496501848362	addons.manager	DEBUG	Calling shutdown blocker for <unnamed-provider>
1496501848362	addons.manager	DEBUG	Calling shutdown blocker for XPIProvider
1496501848363	addons.xpi	DEBUG	shutdown
1496501848363	addons.xpi-utils	DEBUG	shutdown
1496501848365	addons.manager	DEBUG	Calling shutdown blocker for LightweightThemeManager
1496501848366	addons.manager	DEBUG	Calling shutdown blocker for GMPProvider
1496501848368	addons.manager	DEBUG	Calling shutdown blocker for PluginProvider
1496501848370	addons.manager	DEBUG	Calling shutdown blocker for PreviousExperimentProvider
1496501848374	addons.xpi	DEBUG	Notifying XPI shutdown observers
1496501848379	addons.manager	DEBUG	Async provider shutdown done

Build info: version: '2.49.0', revision: '365eeb4', time: '2016-01-13 18:37:00'
System info: host: 'Diinesh', ip: '192.168.100.10', os.name: 'Windows NT (unknown)', os.arch: 'amd64', os.version: '6.2', java.version: '1.7.0'
Driver info: driver.version: FirefoxDriver
	at org.openqa.selenium.firefox.internal.NewProfileExtensionConnection.start(NewProfileExtensionConnection.java:134)
	at org.openqa.selenium.firefox.FirefoxDriver.startClient(FirefoxDriver.java:271)
	at org.openqa.selenium.remote.RemoteWebDriver.<init>(RemoteWebDriver.java:119)
	at org.openqa.selenium.firefox.FirefoxDriver.<init>(FirefoxDriver.java:218)
	at org.openqa.selenium.firefox.FirefoxDriver.<init>(FirefoxDriver.java:211)
	at org.openqa.selenium.firefox.FirefoxDriver.<init>(FirefoxDriver.java:207)
	at org.openqa.selenium.firefox.FirefoxDriver.<init>(FirefoxDriver.java:120)
	at com.pomproject.Flights.findAFlaight(Flights.java:29)
	at sun.reflect.NativeMethodAccessorImpl.invoke0(Native Method)
	at sun.reflect.NativeMethodAccessorImpl.invoke(Unknown Source)
	at sun.reflect.DelegatingMethodAccessorImpl.invoke(Unknown Source)
	at java.lang.reflect.Method.invoke(Unknown Source)
	at org.testng.internal.MethodInvocationHelper.invokeMethod(MethodInvocationHelper.java:85)
	at org.testng.internal.Invoker.invokeMethod(Invoker.java:639)
	at org.testng.internal.Invoker.invokeTestMethod(Invoker.java:816)
	at org.testng.internal.Invoker.invokeTestMethods(Invoker.java:1124)
	at org.testng.internal.TestMethodWorker.invokeTestMethods(TestMethodWorker.java:125)
	at org.testng.internal.TestMethodWorker.run(TestMethodWorker.java:108)
	at org.testng.TestRunner.privateRun(TestRunner.java:774)
	at org.testng.TestRunner.run(TestRunner.java:624)
	at org.testng.SuiteRunner.runTest(SuiteRunner.java:359)
	at org.testng.SuiteRunner.runSequentially(SuiteRunner.java:354)
	at org.testng.SuiteRunner.privateRun(SuiteRunner.java:312)
	at org.testng.SuiteRunner.run(SuiteRunner.java:261)
	at org.testng.SuiteRunnerWorker.runSuite(SuiteRunnerWorker.java:52)
	at org.testng.SuiteRunnerWorker.run(SuiteRunnerWorker.java:86)
	at org.testng.TestNG.runSuitesSequentially(TestNG.java:1215)
	at org.testng.TestNG.runSuitesLocally(TestNG.java:1140)
	at org.testng.TestNG.run(TestNG.java:1048)
	at org.testng.remote.AbstractRemoteTestNG.run(AbstractRemoteTestNG.java:132)
	at org.testng.remote.RemoteTestNG.initAndRun(RemoteTestNG.java:230)
	at org.testng.remote.RemoteTestNG.main(RemoteTestNG.java:76)
Caused by: org.openqa.selenium.firefox.NotConnectedException: Unable to connect to host 127.0.0.1 on port 7055 after 45000 ms. Firefox console output:
omepageURL":null,"contributors":["Mozilla Contributors"]},"visible":true,"active":true,"userDisabled":false,"appDisabled":false,"descriptor":"C:\\Program Files (x86)\\Mozilla Firefox\\browser\\extensions\\{972ce4c6-7e08-4474-a285-3208198ce6fd}.xpi","installDate":1457052991000,"updateDate":1457052991000,"applyBackgroundUpdates":1,"skinnable":true,"size":22006,"sourceURI":null,"releaseNotesURI":null,"softDisabled":false,"foreignInstall":false,"hasBinaryComponents":false,"strictCompatibility":true,"locales":[],"targetApplications":[{"id":"{ec8030f7-c20a-464f-9b0e-13a3a9e97384}","minVersion":"45.0","maxVersion":"45.0"}],"targetPlatforms":[],"seen":true}
1496501824312	addons.xpi	DEBUG	getModTime: Recursive scan of {972ce4c6-7e08-4474-a285-3208198ce6fd}
1496501824314	DeferredSave.extensions.json	DEBUG	Save changes
1496501824314	addons.xpi	DEBUG	Updating database with changes to installed add-ons
1496501824314	addons.xpi-utils	DEBUG	Updating add-on states
1496501824317	addons.xpi-utils	DEBUG	Writing add-ons list
1496501824327	addons.xpi	DEBUG	Registering manifest for C:\Program Files (x86)\Mozilla Firefox\browser\features\loop@mozilla.org.xpi
1496501824330	addons.xpi	DEBUG	Calling bootstrap method startup on loop@mozilla.org version 0.1
1496501824354	addons.manager	DEBUG	Starting provider: <unnamed-provider>
1496501824354	addons.manager	DEBUG	Registering shutdown blocker for <unnamed-provider>
1496501824354	addons.manager	DEBUG	Provider finished startup: <unnamed-provider>
1496501824372	addons.manager	DEBUG	Registering shutdown blocker for XPIProvider
1496501824372	addons.manager	DEBUG	Provider finished startup: XPIProvider
1496501824372	addons.manager	DEBUG	Starting provider: LightweightThemeManager
1496501824373	addons.manager	DEBUG	Registering shutdown blocker for LightweightThemeManager
1496501824373	addons.manager	DEBUG	Provider finished startup: LightweightThemeManager
1496501824373	addons.manager	DEBUG	Starting provider: GMPProvider
1496501824379	addons.manager	DEBUG	Registering shutdown blocker for GMPProvider
1496501824380	addons.manager	DEBUG	Provider finished startup: GMPProvider
1496501824380	addons.manager	DEBUG	Starting provider: PluginProvider
1496501824380	addons.manager	DEBUG	Registering shutdown blocker for PluginProvider
1496501824380	addons.manager	DEBUG	Provider finished startup: PluginProvider
1496501824380	addons.manager	DEBUG	Completed startup sequence
1496501826019	DeferredSave.extensions.json	DEBUG	Starting write
1496501826519	addons.repository	DEBUG	No addons.json found.
1496501826520	DeferredSave.addons.json	DEBUG	Save changes
1496501826531	DeferredSave.addons.json	DEBUG	Starting timer
1496501826558	addons.manager	DEBUG	Starting provider: PreviousExperimentProvider
1496501826558	addons.manager	DEBUG	Registering shutdown blocker for PreviousExperimentProvider
1496501826558	addons.manager	DEBUG	Provider finished startup: PreviousExperimentProvider
1496501826560	DeferredSave.extensions.json	DEBUG	Write succeeded
1496501826561	addons.xpi-utils	DEBUG	XPI Database saved, setting schema version preference to 17
1496501826588	DeferredSave.addons.json	DEBUG	Starting write
1496501826600	DeferredSave.addons.json	DEBUG	Write succeeded
1496501847996	addons.xpi	DEBUG	Calling bootstrap method shutdown on loop@mozilla.org version 0.1
1496501848361	addons.manager	DEBUG	shutdown
1496501848362	addons.manager	DEBUG	Calling shutdown blocker for <unnamed-provider>
1496501848362	addons.manager	DEBUG	Calling shutdown blocker for XPIProvider
1496501848363	addons.xpi	DEBUG	shutdown
1496501848363	addons.xpi-utils	DEBUG	shutdown
1496501848365	addons.manager	DEBUG	Calling shutdown blocker for LightweightThemeManager
1496501848366	addons.manager	DEBUG	Calling shutdown blocker for GMPProvider
1496501848368	addons.manager	DEBUG	Calling shutdown blocker for PluginProvider
1496501848370	addons.manager	DEBUG	Calling shutdown blocker for PreviousExperimentProvider
1496501848374	addons.xpi	DEBUG	Notifying XPI shutdown observers
1496501848379	addons.manager	DEBUG	Async provider shutdown done

	at org.openqa.selenium.firefox.internal.NewProfileExtensionConnection.start(NewProfileExtensionConnection.java:122)
	... 31 more
]]>
    </error>
  </testcase> <!-- findAFlaight -->
</testsuite> <!-- com.pomproject.Flights -->
