<?xml version="1.0" encoding="UTF-8"?>
<!-- Generated by org.testng.reporters.JUnitReportReporter -->
<testsuite hostname="Diinesh" name="com.pomproject.TestCase1RegLogIn" tests="2" failures="0" timestamp="3 Jun 2017 17:05:03 GMT" time="66.558" errors="0">
  <testcase name="RegisterTest" time="33.641" classname="com.pomproject.TestCase1RegLogIn"/>
  <testcase name="RegisterTest" time="32.917" classname="com.pomproject.TestCase1RegLogIn"/>
</testsuite> <!-- com.pomproject.TestCase1RegLogIn -->
